-------------------------------------------------------------------------------
Test set: gabriel.invitation.InviteUserTest
-------------------------------------------------------------------------------
Tests run: 3, Failures: 0, Errors: 3, Skipped: 0, Time elapsed: 0.157 s <<< FAILURE! -- in gabriel.invitation.InviteUserTest
gabriel.invitation.InviteUserTest.testErrorInvitationAlreadyExist -- Time elapsed: 0.004 s <<< ERROR!
java.lang.NoSuchMethodError: 'void gabriel.core.invitation.dto.InviteUserDto$Input.<init>(gabriel.core.invitation.repository.InvitationRepository, gabriel.core.user.domain.User, gabriel.core.user.domain.User, gabriel.core.project.domain.Project)'
	at gabriel.invitation.InviteUserTest.<init>(InviteUserTest.java:34)
	at java.base/java.lang.reflect.Constructor.newInstanceWithCaller(Constructor.java:499)
	at java.base/java.lang.reflect.Constructor.newInstance(Constructor.java:483)
	at java.base/java.util.Optional.orElseGet(Optional.java:364)
	at java.base/java.util.ArrayList.forEach(ArrayList.java:1511)
	at java.base/java.util.ArrayList.forEach(ArrayList.java:1511)

gabriel.invitation.InviteUserTest.testErrorUserAlreadyInTheProject -- Time elapsed: 0.001 s <<< ERROR!
java.lang.NoSuchMethodError: 'void gabriel.core.invitation.dto.InviteUserDto$Input.<init>(gabriel.core.invitation.repository.InvitationRepository, gabriel.core.user.domain.User, gabriel.core.user.domain.User, gabriel.core.project.domain.Project)'
	at gabriel.invitation.InviteUserTest.<init>(InviteUserTest.java:34)
	at java.base/java.lang.reflect.Constructor.newInstanceWithCaller(Constructor.java:499)
	at java.base/java.lang.reflect.Constructor.newInstance(Constructor.java:483)
	at java.base/java.util.Optional.orElseGet(Optional.java:364)
	at java.base/java.util.ArrayList.forEach(ArrayList.java:1511)
	at java.base/java.util.ArrayList.forEach(ArrayList.java:1511)

gabriel.invitation.InviteUserTest.testSuccess -- Time elapsed: 0.001 s <<< ERROR!
java.lang.NoSuchMethodError: 'void gabriel.core.invitation.dto.InviteUserDto$Input.<init>(gabriel.core.invitation.repository.InvitationRepository, gabriel.core.user.domain.User, gabriel.core.user.domain.User, gabriel.core.project.domain.Project)'
	at gabriel.invitation.InviteUserTest.<init>(InviteUserTest.java:34)
	at java.base/java.lang.reflect.Constructor.newInstanceWithCaller(Constructor.java:499)
	at java.base/java.lang.reflect.Constructor.newInstance(Constructor.java:483)
	at java.base/java.util.Optional.orElseGet(Optional.java:364)
	at java.base/java.util.ArrayList.forEach(ArrayList.java:1511)
	at java.base/java.util.ArrayList.forEach(ArrayList.java:1511)

